<?xml version="1.0" encoding="UTF-8"?>
<!-- Generated by org.testng.reporters.JUnitReportReporter -->
<testsuite hostname="Aayush" failures="0" tests="1" name="com.verify.OrangeHRM" time="11.874" errors="0" timestamp="2024-08-06T12:49:17 IST" skipped="0">
  <testcase classname="com.verify.OrangeHRM" name="login" time="11.874"/>
  <system-out/>
</testsuite> <!-- com.verify.OrangeHRM -->
