<?xml version="1.0" encoding="UTF-8"?>
<!-- Generated by org.testng.reporters.JUnitReportReporter -->
<testsuite hostname="Aayush" failures="0" tests="3" name="test2.OctoPerfTest" time="27.800" errors="0" timestamp="2024-08-09T12:49:15 IST" skipped="0">
  <testcase classname="test2.OctoPerfTest" name="logingIn" time="10.828"/>
  <system-out/>
  <testcase classname="test2.OctoPerfTest" name="addToCart" time="6.449"/>
  <system-out/>
  <testcase classname="test2.OctoPerfTest" name="CheckOutOcto" time="10.523"/>
  <system-out/>
</testsuite> <!-- test2.OctoPerfTest -->
