<?xml version="1.0" encoding="UTF-8"?>
<!-- Generated by org.testng.reporters.JUnitReportReporter -->
<testsuite hostname="Aayush" failures="0" tests="1" name="com.verify.Sum" time="0.015" errors="0" timestamp="2024-08-06T13:45:14 IST" skipped="0">
  <testcase classname="com.verify.Sum" name="add" time="0.015"/>
  <system-out/>
</testsuite> <!-- com.verify.Sum -->
