<?xml version="1.0" encoding="UTF-8"?>
<!-- Generated by org.testng.reporters.JUnitReportReporter -->
<testsuite hostname="Aayush" failures="0" tests="1" name="AssertUsage" time="10.361" errors="0" timestamp="2024-08-08T08:59:34 IST" skipped="0">
  <testcase classname="AssertUsage" name="assertExample" time="10.361"/>
  <system-out/>
</testsuite> <!-- AssertUsage -->
