<?xml version="1.0" encoding="UTF-8"?>
<!-- Generated by org.testng.reporters.JUnitReportReporter -->
<testsuite hostname="Aayush" failures="0" tests="1" name="MainAnno" time="0.011" errors="0" timestamp="2024-08-06T10:33:52 IST" skipped="0">
  <testcase classname="MainAnno" name="verifytest" time="0.011"/>
  <system-out/>
</testsuite> <!-- MainAnno -->
