<?xml version="1.0" encoding="UTF-8"?>
<!-- Generated by org.testng.reporters.JUnitReportReporter -->
<testsuite hostname="Aayush" failures="0" tests="1" name="com.bombas.Searching" time="20.068" errors="0" timestamp="2024-08-07T11:08:55 IST" skipped="0">
  <testcase classname="com.bombas.Searching" name="search" time="20.068"/>
  <system-out/>
</testsuite> <!-- com.bombas.Searching -->
