<?xml version="1.0" encoding="UTF-8"?>
<!-- Generated by org.testng.reporters.JUnitReportReporter -->
<testsuite hostname="Aayush" failures="0" tests="3" name="TestNgPriority" time="0.012" errors="0" timestamp="2024-08-06T10:49:19 IST" skipped="0">
  <testcase classname="TestNgPriority" name="multiply" time="0.008"/>
  <system-out/>
  <testcase classname="TestNgPriority" name="division" time="0.002"/>
  <system-out/>
  <testcase classname="TestNgPriority" name="add" time="0.002"/>
  <system-out/>
</testsuite> <!-- TestNgPriority -->
