<?xml version="1.0" encoding="UTF-8"?>
<!-- Generated by org.testng.reporters.JUnitReportReporter -->
<testsuite hostname="Aayush" failures="0" tests="3" name="TestNGDependency" time="0.027" errors="0" timestamp="2024-08-06T11:16:30 IST" skipped="0">
  <testcase classname="TestNGDependency" name="add" time="0.005"/>
  <system-out/>
  <testcase classname="TestNGDependency" name="division" time="0.003"/>
  <system-out/>
  <testcase classname="TestNGDependency" name="multiply" time="0.019"/>
  <system-out/>
</testsuite> <!-- TestNGDependency -->
