<?xml version="1.0" encoding="UTF-8"?>
<!-- Generated by org.testng.reporters.JUnitReportReporter -->
<testsuite hostname="Aayush" failures="0" tests="5" name="Test.TestNGFrameworkTest" time="47.928" errors="0" timestamp="2024-08-09T09:27:49 IST" skipped="1">
  <testcase classname="Test.TestNGFrameworkTest" name="verifyLogin" time="17.342"/>
  <system-out/>
  <testcase classname="Test.TestNGFrameworkTest" name="search" time="5.241"/>
  <system-out/>
  <testcase classname="Test.TestNGFrameworkTest" name="addtoCart" time="17.976"/>
  <system-out/>
  <testcase classname="Test.TestNGFrameworkTest" name="LogOut" time="7.369"/>
  <system-out/>
  <testcase classname="Test.TestNGFrameworkTest" name="signUp">
    <skipped/>
  </testcase> <!-- signUp -->
  <system-out/>
</testsuite> <!-- Test.TestNGFrameworkTest -->
