<?xml version="1.0" encoding="UTF-8"?>
<!-- Generated by org.testng.reporters.JUnitReportReporter -->
<testsuite hostname="Aayush" failures="0" tests="5" name="Test.FrameworkLoginTest" time="55.330" errors="0" timestamp="2024-08-09T08:57:45 IST" skipped="1">
  <testcase classname="Test.FrameworkLoginTest" name="verifyLogin" time="23.787"/>
  <system-out/>
  <testcase classname="Test.FrameworkLoginTest" name="search" time="5.208"/>
  <system-out/>
  <testcase classname="Test.FrameworkLoginTest" name="addtoCart" time="18.856"/>
  <system-out/>
  <testcase classname="Test.FrameworkLoginTest" name="LogOut" time="7.479"/>
  <system-out/>
  <testcase classname="Test.FrameworkLoginTest" name="signUp">
    <skipped/>
  </testcase> <!-- signUp -->
  <system-out/>
</testsuite> <!-- Test.FrameworkLoginTest -->
