<?xml version="1.0" encoding="UTF-8"?>
<!-- Generated by org.testng.reporters.JUnitReportReporter -->
<testsuite hostname="Aayush" failures="0" tests="1" name="com.verify.OrangehrmLogin" time="12.376" errors="0" timestamp="2024-08-06T15:43:06 IST" skipped="0">
  <testcase classname="com.verify.OrangehrmLogin" name="login" time="12.376"/>
  <system-out>
    <![CDATA[username Adminpassword admin123]]>
  </system-out>
</testsuite> <!-- com.verify.OrangehrmLogin -->
