<?xml version="1.0" encoding="UTF-8"?>
<!-- Generated by org.testng.reporters.JUnitReportReporter -->
<testsuite hostname="Aayush" failures="0" tests="1" name="com.bombas.DataProviderLogin1" time="47.071" errors="0" timestamp="2024-08-07T14:34:45 IST" skipped="0">
  <testcase classname="com.bombas.DataProviderLogin1" name="Search" time="47.071"/>
  <system-out/>
</testsuite> <!-- com.bombas.DataProviderLogin1 -->
