<?xml version="1.0" encoding="UTF-8"?>
<!-- Generated by org.testng.reporters.JUnitReportReporter -->
<testsuite hostname="Aayush" failures="0" tests="2" name="DataProviderLogin" time="0.016" errors="0" timestamp="2024-08-06T14:36:57 IST" skipped="0">
  <testcase classname="DataProviderLogin" name="test" time="0.013"/>
  <system-out>
    <![CDATA[UserAPassA]]>
  </system-out>
  <testcase classname="DataProviderLogin" name="test" time="0.003"/>
  <system-out>
    <![CDATA[UserBPassB]]>
  </system-out>
</testsuite> <!-- DataProviderLogin -->
