<?xml version="1.0" encoding="UTF-8"?>
<!-- Generated by org.testng.reporters.JUnitReportReporter -->
<testsuite hostname="Aayush" failures="0" tests="3" name="TestNgDependencyForGroups" time="0.020" errors="0" timestamp="2024-08-06T11:18:55 IST" skipped="0">
  <testcase classname="TestNgDependencyForGroups" name="division" time="0.003"/>
  <system-out/>
  <testcase classname="TestNgDependencyForGroups" name="add" time="0.014"/>
  <system-out/>
  <testcase classname="TestNgDependencyForGroups" name="multiply" time="0.003"/>
  <system-out/>
</testsuite> <!-- TestNgDependencyForGroups -->
